1709124504.263866 client started (31566): version 3.4, socket /tmp/tmux-1000/default, protocol 8
1709124504.263889 on Linux 6.6.16-2-MANJARO #1 SMP PREEMPT_DYNAMIC Sat Feb 10 09:40:02 UTC 2024
1709124504.263891 using libevent 2.1.12-stable poll
1709124504.263893 using ncurses 6.4 20230520
1709124504.263903 flags are 0x10010000
1709124504.263916 socket is /tmp/tmux-1000/default
1709124504.263924 trying connect
1709124504.263972 add peer 0x557ea9ee00d0: 6 ((nil))
1709124504.264218 sending message 100 to peer 0x557ea9ee00d0 (4 bytes)
1709124504.264221 sending message 111 to peer 0x557ea9ee00d0 (8 bytes)
1709124504.264224 sending message 101 to peer 0x557ea9ee00d0 (14 bytes)
1709124504.264226 sending message 109 to peer 0x557ea9ee00d0 (4 bytes)
1709124504.264228 sending message 102 to peer 0x557ea9ee00d0 (11 bytes)
1709124504.264229 sending message 108 to peer 0x557ea9ee00d0 (26 bytes)
1709124504.264231 sending message 112 to peer 0x557ea9ee00d0 (70 bytes)
1709124504.264233 sending message 112 to peer 0x557ea9ee00d0 (5 bytes)
1709124504.264235 sending message 112 to peer 0x557ea9ee00d0 (5 bytes)
1709124504.264237 sending message 112 to peer 0x557ea9ee00d0 (6 bytes)
1709124504.264238 sending message 112 to peer 0x557ea9ee00d0 (6 bytes)
1709124504.264240 sending message 112 to peer 0x557ea9ee00d0 (11 bytes)
1709124504.264241 sending message 112 to peer 0x557ea9ee00d0 (10 bytes)
1709124504.264243 sending message 112 to peer 0x557ea9ee00d0 (13 bytes)
1709124504.264246 sending message 112 to peer 0x557ea9ee00d0 (13 bytes)
1709124504.264247 sending message 112 to peer 0x557ea9ee00d0 (18 bytes)
1709124504.264249 sending message 112 to peer 0x557ea9ee00d0 (11 bytes)
1709124504.264250 sending message 112 to peer 0x557ea9ee00d0 (10 bytes)
1709124504.264252 sending message 112 to peer 0x557ea9ee00d0 (15 bytes)
1709124504.264253 sending message 112 to peer 0x557ea9ee00d0 (21 bytes)
1709124504.264254 sending message 112 to peer 0x557ea9ee00d0 (13 bytes)
1709124504.264256 sending message 112 to peer 0x557ea9ee00d0 (7 bytes)
1709124504.264257 sending message 112 to peer 0x557ea9ee00d0 (13 bytes)
1709124504.264259 sending message 112 to peer 0x557ea9ee00d0 (7 bytes)
1709124504.264260 sending message 112 to peer 0x557ea9ee00d0 (13 bytes)
1709124504.264262 sending message 112 to peer 0x557ea9ee00d0 (9 bytes)
1709124504.264263 sending message 112 to peer 0x557ea9ee00d0 (21 bytes)
1709124504.264265 sending message 112 to peer 0x557ea9ee00d0 (13 bytes)
1709124504.264266 sending message 112 to peer 0x557ea9ee00d0 (8 bytes)
1709124504.264268 sending message 112 to peer 0x557ea9ee00d0 (12 bytes)
1709124504.264269 sending message 112 to peer 0x557ea9ee00d0 (13 bytes)
1709124504.264271 sending message 112 to peer 0x557ea9ee00d0 (9 bytes)
1709124504.264272 sending message 112 to peer 0x557ea9ee00d0 (9 bytes)
1709124504.264273 sending message 112 to peer 0x557ea9ee00d0 (12 bytes)
1709124504.264275 sending message 112 to peer 0x557ea9ee00d0 (8 bytes)
1709124504.264276 sending message 112 to peer 0x557ea9ee00d0 (8 bytes)
1709124504.264278 sending message 112 to peer 0x557ea9ee00d0 (7 bytes)
1709124504.264279 sending message 112 to peer 0x557ea9ee00d0 (7 bytes)
1709124504.264281 sending message 112 to peer 0x557ea9ee00d0 (9 bytes)
1709124504.264282 sending message 112 to peer 0x557ea9ee00d0 (13 bytes)
1709124504.264284 sending message 112 to peer 0x557ea9ee00d0 (6 bytes)
1709124504.264285 sending message 112 to peer 0x557ea9ee00d0 (9 bytes)
1709124504.264287 sending message 112 to peer 0x557ea9ee00d0 (15 bytes)
1709124504.264288 sending message 112 to peer 0x557ea9ee00d0 (13 bytes)
1709124504.264290 sending message 112 to peer 0x557ea9ee00d0 (12 bytes)
1709124504.264291 sending message 112 to peer 0x557ea9ee00d0 (8 bytes)
1709124504.264292 sending message 112 to peer 0x557ea9ee00d0 (14 bytes)
1709124504.264294 sending message 112 to peer 0x557ea9ee00d0 (11 bytes)
1709124504.264295 sending message 112 to peer 0x557ea9ee00d0 (9 bytes)
1709124504.264297 sending message 112 to peer 0x557ea9ee00d0 (10 bytes)
1709124504.264298 sending message 112 to peer 0x557ea9ee00d0 (10 bytes)
1709124504.264308 sending message 112 to peer 0x557ea9ee00d0 (10 bytes)
1709124504.264310 sending message 112 to peer 0x557ea9ee00d0 (10 bytes)
1709124504.264311 sending message 112 to peer 0x557ea9ee00d0 (11 bytes)
1709124504.264313 sending message 112 to peer 0x557ea9ee00d0 (12 bytes)
1709124504.264314 sending message 112 to peer 0x557ea9ee00d0 (12 bytes)
1709124504.264315 sending message 112 to peer 0x557ea9ee00d0 (12 bytes)
1709124504.264317 sending message 112 to peer 0x557ea9ee00d0 (12 bytes)
1709124504.264318 sending message 112 to peer 0x557ea9ee00d0 (12 bytes)
1709124504.264319 sending message 112 to peer 0x557ea9ee00d0 (11 bytes)
1709124504.264321 sending message 112 to peer 0x557ea9ee00d0 (11 bytes)
1709124504.264322 sending message 112 to peer 0x557ea9ee00d0 (12 bytes)
1709124504.264323 sending message 112 to peer 0x557ea9ee00d0 (12 bytes)
1709124504.264325 sending message 112 to peer 0x557ea9ee00d0 (12 bytes)
1709124504.264326 sending message 112 to peer 0x557ea9ee00d0 (12 bytes)
1709124504.264327 sending message 112 to peer 0x557ea9ee00d0 (12 bytes)
1709124504.264329 sending message 112 to peer 0x557ea9ee00d0 (10 bytes)
1709124504.264330 sending message 112 to peer 0x557ea9ee00d0 (12 bytes)
1709124504.264331 sending message 112 to peer 0x557ea9ee00d0 (13 bytes)
1709124504.264333 sending message 112 to peer 0x557ea9ee00d0 (13 bytes)
1709124504.264334 sending message 112 to peer 0x557ea9ee00d0 (13 bytes)
1709124504.264335 sending message 112 to peer 0x557ea9ee00d0 (13 bytes)
1709124504.264337 sending message 112 to peer 0x557ea9ee00d0 (13 bytes)
1709124504.264338 sending message 112 to peer 0x557ea9ee00d0 (8 bytes)
1709124504.264339 sending message 112 to peer 0x557ea9ee00d0 (11 bytes)
1709124504.264341 sending message 112 to peer 0x557ea9ee00d0 (11 bytes)
1709124504.264342 sending message 112 to peer 0x557ea9ee00d0 (11 bytes)
1709124504.264343 sending message 112 to peer 0x557ea9ee00d0 (12 bytes)
1709124504.264345 sending message 112 to peer 0x557ea9ee00d0 (12 bytes)
1709124504.264346 sending message 112 to peer 0x557ea9ee00d0 (12 bytes)
1709124504.264347 sending message 112 to peer 0x557ea9ee00d0 (12 bytes)
1709124504.264349 sending message 112 to peer 0x557ea9ee00d0 (13 bytes)
1709124504.264350 sending message 112 to peer 0x557ea9ee00d0 (13 bytes)
1709124504.264351 sending message 112 to peer 0x557ea9ee00d0 (13 bytes)
1709124504.264353 sending message 112 to peer 0x557ea9ee00d0 (8 bytes)
1709124504.264354 sending message 112 to peer 0x557ea9ee00d0 (13 bytes)
1709124504.264355 sending message 112 to peer 0x557ea9ee00d0 (13 bytes)
1709124504.264357 sending message 112 to peer 0x557ea9ee00d0 (13 bytes)
1709124504.264358 sending message 112 to peer 0x557ea9ee00d0 (13 bytes)
1709124504.264359 sending message 112 to peer 0x557ea9ee00d0 (13 bytes)
1709124504.264361 sending message 112 to peer 0x557ea9ee00d0 (12 bytes)
1709124504.264362 sending message 112 to peer 0x557ea9ee00d0 (12 bytes)
1709124504.264363 sending message 112 to peer 0x557ea9ee00d0 (12 bytes)
1709124504.264365 sending message 112 to peer 0x557ea9ee00d0 (12 bytes)
1709124504.264366 sending message 112 to peer 0x557ea9ee00d0 (13 bytes)
1709124504.264367 sending message 112 to peer 0x557ea9ee00d0 (8 bytes)
1709124504.264369 sending message 112 to peer 0x557ea9ee00d0 (13 bytes)
1709124504.264370 sending message 112 to peer 0x557ea9ee00d0 (13 bytes)
1709124504.264372 sending message 112 to peer 0x557ea9ee00d0 (13 bytes)
1709124504.264373 sending message 112 to peer 0x557ea9ee00d0 (13 bytes)
1709124504.264374 sending message 112 to peer 0x557ea9ee00d0 (13 bytes)
1709124504.264375 sending message 112 to peer 0x557ea9ee00d0 (13 bytes)
1709124504.264377 sending message 112 to peer 0x557ea9ee00d0 (13 bytes)
1709124504.264378 sending message 112 to peer 0x557ea9ee00d0 (12 bytes)
1709124504.264379 sending message 112 to peer 0x557ea9ee00d0 (12 bytes)
1709124504.264381 sending message 112 to peer 0x557ea9ee00d0 (12 bytes)
1709124504.264382 sending message 112 to peer 0x557ea9ee00d0 (8 bytes)
1709124504.264383 sending message 112 to peer 0x557ea9ee00d0 (12 bytes)
1709124504.264387 sending message 112 to peer 0x557ea9ee00d0 (13 bytes)
1709124504.264388 sending message 112 to peer 0x557ea9ee00d0 (13 bytes)
1709124504.264389 sending message 112 to peer 0x557ea9ee00d0 (13 bytes)
1709124504.264391 sending message 112 to peer 0x557ea9ee00d0 (13 bytes)
1709124504.264392 sending message 112 to peer 0x557ea9ee00d0 (13 bytes)
1709124504.264393 sending message 112 to peer 0x557ea9ee00d0 (13 bytes)
1709124504.264395 sending message 112 to peer 0x557ea9ee00d0 (13 bytes)
1709124504.264396 sending message 112 to peer 0x557ea9ee00d0 (13 bytes)
1709124504.264397 sending message 112 to peer 0x557ea9ee00d0 (12 bytes)
1709124504.264399 sending message 112 to peer 0x557ea9ee00d0 (10 bytes)
1709124504.264400 sending message 112 to peer 0x557ea9ee00d0 (12 bytes)
1709124504.264401 sending message 112 to peer 0x557ea9ee00d0 (12 bytes)
1709124504.264402 sending message 112 to peer 0x557ea9ee00d0 (12 bytes)
1709124504.264404 sending message 112 to peer 0x557ea9ee00d0 (13 bytes)
1709124504.264405 sending message 112 to peer 0x557ea9ee00d0 (13 bytes)
1709124504.264406 sending message 112 to peer 0x557ea9ee00d0 (13 bytes)
1709124504.264408 sending message 112 to peer 0x557ea9ee00d0 (13 bytes)
1709124504.264409 sending message 112 to peer 0x557ea9ee00d0 (13 bytes)
1709124504.264411 sending message 112 to peer 0x557ea9ee00d0 (13 bytes)
1709124504.264412 sending message 112 to peer 0x557ea9ee00d0 (13 bytes)
1709124504.264413 sending message 112 to peer 0x557ea9ee00d0 (10 bytes)
1709124504.264414 sending message 112 to peer 0x557ea9ee00d0 (13 bytes)
1709124504.264416 sending message 112 to peer 0x557ea9ee00d0 (12 bytes)
1709124504.264417 sending message 112 to peer 0x557ea9ee00d0 (12 bytes)
1709124504.264418 sending message 112 to peer 0x557ea9ee00d0 (12 bytes)
1709124504.264420 sending message 112 to peer 0x557ea9ee00d0 (10 bytes)
1709124504.264421 sending message 112 to peer 0x557ea9ee00d0 (10 bytes)
1709124504.264422 sending message 112 to peer 0x557ea9ee00d0 (10 bytes)
1709124504.264424 sending message 112 to peer 0x557ea9ee00d0 (12 bytes)
1709124504.264425 sending message 112 to peer 0x557ea9ee00d0 (13 bytes)
1709124504.264426 sending message 112 to peer 0x557ea9ee00d0 (13 bytes)
1709124504.264428 sending message 112 to peer 0x557ea9ee00d0 (13 bytes)
1709124504.264429 sending message 112 to peer 0x557ea9ee00d0 (13 bytes)
1709124504.264430 sending message 112 to peer 0x557ea9ee00d0 (13 bytes)
1709124504.264432 sending message 112 to peer 0x557ea9ee00d0 (11 bytes)
1709124504.264433 sending message 112 to peer 0x557ea9ee00d0 (11 bytes)
1709124504.264434 sending message 112 to peer 0x557ea9ee00d0 (12 bytes)
1709124504.264436 sending message 112 to peer 0x557ea9ee00d0 (12 bytes)
1709124504.264437 sending message 112 to peer 0x557ea9ee00d0 (12 bytes)
1709124504.264438 sending message 112 to peer 0x557ea9ee00d0 (12 bytes)
1709124504.264440 sending message 112 to peer 0x557ea9ee00d0 (12 bytes)
1709124504.264441 sending message 112 to peer 0x557ea9ee00d0 (11 bytes)
1709124504.264442 sending message 112 to peer 0x557ea9ee00d0 (12 bytes)
1709124504.264444 sending message 112 to peer 0x557ea9ee00d0 (12 bytes)
1709124504.264445 sending message 112 to peer 0x557ea9ee00d0 (13 bytes)
1709124504.264446 sending message 112 to peer 0x557ea9ee00d0 (13 bytes)
1709124504.264448 sending message 112 to peer 0x557ea9ee00d0 (13 bytes)
1709124504.264449 sending message 112 to peer 0x557ea9ee00d0 (13 bytes)
1709124504.264450 sending message 112 to peer 0x557ea9ee00d0 (13 bytes)
1709124504.264452 sending message 112 to peer 0x557ea9ee00d0 (10 bytes)
1709124504.264453 sending message 112 to peer 0x557ea9ee00d0 (9 bytes)
1709124504.264454 sending message 112 to peer 0x557ea9ee00d0 (12 bytes)
1709124504.264456 sending message 112 to peer 0x557ea9ee00d0 (13 bytes)
1709124504.264457 sending message 112 to peer 0x557ea9ee00d0 (13 bytes)
1709124504.264458 sending message 112 to peer 0x557ea9ee00d0 (13 bytes)
1709124504.264460 sending message 112 to peer 0x557ea9ee00d0 (13 bytes)
1709124504.264461 sending message 112 to peer 0x557ea9ee00d0 (13 bytes)
1709124504.264465 sending message 112 to peer 0x557ea9ee00d0 (9 bytes)
1709124504.264467 sending message 112 to peer 0x557ea9ee00d0 (12 bytes)
1709124504.264468 sending message 112 to peer 0x557ea9ee00d0 (13 bytes)
1709124504.264469 sending message 112 to peer 0x557ea9ee00d0 (13 bytes)
1709124504.264471 sending message 112 to peer 0x557ea9ee00d0 (13 bytes)
1709124504.264472 sending message 112 to peer 0x557ea9ee00d0 (13 bytes)
1709124504.264473 sending message 112 to peer 0x557ea9ee00d0 (13 bytes)
1709124504.264475 sending message 112 to peer 0x557ea9ee00d0 (11 bytes)
1709124504.264476 sending message 112 to peer 0x557ea9ee00d0 (12 bytes)
1709124504.264477 sending message 112 to peer 0x557ea9ee00d0 (13 bytes)
1709124504.264479 sending message 112 to peer 0x557ea9ee00d0 (13 bytes)
1709124504.264480 sending message 112 to peer 0x557ea9ee00d0 (13 bytes)
1709124504.264481 sending message 112 to peer 0x557ea9ee00d0 (13 bytes)
1709124504.264483 sending message 112 to peer 0x557ea9ee00d0 (13 bytes)
1709124504.264484 sending message 112 to peer 0x557ea9ee00d0 (11 bytes)
1709124504.264486 sending message 112 to peer 0x557ea9ee00d0 (12 bytes)
1709124504.264487 sending message 112 to peer 0x557ea9ee00d0 (12 bytes)
1709124504.264488 sending message 112 to peer 0x557ea9ee00d0 (12 bytes)
1709124504.264490 sending message 112 to peer 0x557ea9ee00d0 (12 bytes)
1709124504.264491 sending message 112 to peer 0x557ea9ee00d0 (12 bytes)
1709124504.264493 sending message 112 to peer 0x557ea9ee00d0 (21 bytes)
1709124504.264494 sending message 112 to peer 0x557ea9ee00d0 (12 bytes)
1709124504.264496 sending message 112 to peer 0x557ea9ee00d0 (9 bytes)
1709124504.264497 sending message 112 to peer 0x557ea9ee00d0 (6 bytes)
1709124504.264499 sending message 112 to peer 0x557ea9ee00d0 (13 bytes)
1709124504.264500 sending message 112 to peer 0x557ea9ee00d0 (8 bytes)
1709124504.264502 sending message 112 to peer 0x557ea9ee00d0 (15 bytes)
1709124504.264503 sending message 112 to peer 0x557ea9ee00d0 (13 bytes)
1709124504.264505 sending message 112 to peer 0x557ea9ee00d0 (9 bytes)
1709124504.264506 sending message 112 to peer 0x557ea9ee00d0 (70 bytes)
1709124504.264508 sending message 112 to peer 0x557ea9ee00d0 (69 bytes)
1709124504.264509 sending message 112 to peer 0x557ea9ee00d0 (10 bytes)
1709124504.264511 sending message 112 to peer 0x557ea9ee00d0 (10 bytes)
1709124504.264512 sending message 112 to peer 0x557ea9ee00d0 (8 bytes)
1709124504.264513 sending message 112 to peer 0x557ea9ee00d0 (15 bytes)
1709124504.264515 sending message 112 to peer 0x557ea9ee00d0 (13 bytes)
1709124504.264516 sending message 112 to peer 0x557ea9ee00d0 (10 bytes)
1709124504.264518 sending message 112 to peer 0x557ea9ee00d0 (10 bytes)
1709124504.264519 sending message 112 to peer 0x557ea9ee00d0 (17 bytes)
1709124504.264521 sending message 112 to peer 0x557ea9ee00d0 (10 bytes)
1709124504.264522 sending message 112 to peer 0x557ea9ee00d0 (13 bytes)
1709124504.264524 sending message 112 to peer 0x557ea9ee00d0 (9 bytes)
1709124504.264525 sending message 112 to peer 0x557ea9ee00d0 (5 bytes)
1709124504.264527 sending message 112 to peer 0x557ea9ee00d0 (15 bytes)
1709124504.264529 sending message 104 to peer 0x557ea9ee00d0 (0 bytes)
1709124504.264530 sending message 110 to peer 0x557ea9ee00d0 (0 bytes)
1709124504.264532 sending message 107 to peer 0x557ea9ee00d0 (4 bytes)
1709124504.264534 sending message 105 to peer 0x557ea9ee00d0 (15 bytes)
1709124504.264535 sending message 105 to peer 0x557ea9ee00d0 (20 bytes)
1709124504.264537 sending message 105 to peer 0x557ea9ee00d0 (54 bytes)
1709124504.264539 sending message 105 to peer 0x557ea9ee00d0 (49 bytes)
1709124504.264540 sending message 105 to peer 0x557ea9ee00d0 (30 bytes)
1709124504.264542 sending message 105 to peer 0x557ea9ee00d0 (11 bytes)
1709124504.264543 sending message 105 to peer 0x557ea9ee00d0 (18 bytes)
1709124504.264544 sending message 105 to peer 0x557ea9ee00d0 (47 bytes)
1709124504.264546 sending message 105 to peer 0x557ea9ee00d0 (23 bytes)
1709124504.264548 sending message 105 to peer 0x557ea9ee00d0 (28 bytes)
1709124504.264551 sending message 105 to peer 0x557ea9ee00d0 (22 bytes)
1709124504.264553 sending message 105 to peer 0x557ea9ee00d0 (21 bytes)
1709124504.264554 sending message 105 to peer 0x557ea9ee00d0 (22 bytes)
1709124504.264556 sending message 105 to peer 0x557ea9ee00d0 (36 bytes)
1709124504.264557 sending message 105 to peer 0x557ea9ee00d0 (28 bytes)
1709124504.264559 sending message 105 to peer 0x557ea9ee00d0 (33 bytes)
1709124504.264560 sending message 105 to peer 0x557ea9ee00d0 (31 bytes)
1709124504.264561 sending message 105 to peer 0x557ea9ee00d0 (23 bytes)
1709124504.264563 sending message 105 to peer 0x557ea9ee00d0 (17 bytes)
1709124504.264565 sending message 105 to peer 0x557ea9ee00d0 (10 bytes)
1709124504.264566 sending message 105 to peer 0x557ea9ee00d0 (23 bytes)
1709124504.264568 sending message 105 to peer 0x557ea9ee00d0 (30 bytes)
1709124504.264569 sending message 105 to peer 0x557ea9ee00d0 (27 bytes)
1709124504.264571 sending message 105 to peer 0x557ea9ee00d0 (24 bytes)
1709124504.264572 sending message 105 to peer 0x557ea9ee00d0 (20 bytes)
1709124504.264573 sending message 105 to peer 0x557ea9ee00d0 (23 bytes)
1709124504.264575 sending message 105 to peer 0x557ea9ee00d0 (21 bytes)
1709124504.264576 sending message 105 to peer 0x557ea9ee00d0 (25 bytes)
1709124504.264577 sending message 105 to peer 0x557ea9ee00d0 (20 bytes)
1709124504.264579 sending message 105 to peer 0x557ea9ee00d0 (8 bytes)
1709124504.264580 sending message 105 to peer 0x557ea9ee00d0 (25 bytes)
1709124504.264582 sending message 105 to peer 0x557ea9ee00d0 (25 bytes)
1709124504.264584 sending message 105 to peer 0x557ea9ee00d0 (21 bytes)
1709124504.264585 sending message 105 to peer 0x557ea9ee00d0 (21 bytes)
1709124504.264587 sending message 105 to peer 0x557ea9ee00d0 (28 bytes)
1709124504.264588 sending message 105 to peer 0x557ea9ee00d0 (21 bytes)
1709124504.264589 sending message 105 to peer 0x557ea9ee00d0 (25 bytes)
1709124504.264591 sending message 105 to peer 0x557ea9ee00d0 (15 bytes)
1709124504.264593 sending message 105 to peer 0x557ea9ee00d0 (1817 bytes)
1709124504.264606 sending message 105 to peer 0x557ea9ee00d0 (24 bytes)
1709124504.264607 sending message 105 to peer 0x557ea9ee00d0 (28 bytes)
1709124504.264609 sending message 105 to peer 0x557ea9ee00d0 (16 bytes)
1709124504.264611 sending message 105 to peer 0x557ea9ee00d0 (140 bytes)
1709124504.264612 sending message 105 to peer 0x557ea9ee00d0 (51 bytes)
1709124504.264614 sending message 105 to peer 0x557ea9ee00d0 (15 bytes)
1709124504.264615 sending message 105 to peer 0x557ea9ee00d0 (26 bytes)
1709124504.264617 sending message 105 to peer 0x557ea9ee00d0 (20 bytes)
1709124504.264618 sending message 105 to peer 0x557ea9ee00d0 (12 bytes)
1709124504.264620 sending message 105 to peer 0x557ea9ee00d0 (50 bytes)
1709124504.264621 sending message 105 to peer 0x557ea9ee00d0 (181 bytes)
1709124504.264623 sending message 105 to peer 0x557ea9ee00d0 (24 bytes)
1709124504.264624 sending message 105 to peer 0x557ea9ee00d0 (13 bytes)
1709124504.264626 sending message 105 to peer 0x557ea9ee00d0 (30 bytes)
1709124504.264627 sending message 105 to peer 0x557ea9ee00d0 (22 bytes)
1709124504.264628 sending message 105 to peer 0x557ea9ee00d0 (30 bytes)
1709124504.264630 sending message 105 to peer 0x557ea9ee00d0 (35 bytes)
1709124504.264631 sending message 105 to peer 0x557ea9ee00d0 (24 bytes)
1709124504.264632 sending message 105 to peer 0x557ea9ee00d0 (19 bytes)
1709124504.264634 sending message 105 to peer 0x557ea9ee00d0 (50 bytes)
1709124504.264636 sending message 105 to peer 0x557ea9ee00d0 (8 bytes)
1709124504.264637 sending message 105 to peer 0x557ea9ee00d0 (20 bytes)
1709124504.264639 sending message 105 to peer 0x557ea9ee00d0 (48 bytes)
1709124504.264640 sending message 105 to peer 0x557ea9ee00d0 (22 bytes)
1709124504.264642 sending message 105 to peer 0x557ea9ee00d0 (19 bytes)
1709124504.264643 sending message 105 to peer 0x557ea9ee00d0 (18 bytes)
1709124504.264645 sending message 105 to peer 0x557ea9ee00d0 (25 bytes)
1709124504.264646 sending message 105 to peer 0x557ea9ee00d0 (36 bytes)
1709124504.264649 sending message 105 to peer 0x557ea9ee00d0 (13 bytes)
1709124504.264651 sending message 105 to peer 0x557ea9ee00d0 (12 bytes)
1709124504.264652 sending message 105 to peer 0x557ea9ee00d0 (26 bytes)
1709124504.264653 sending message 105 to peer 0x557ea9ee00d0 (11 bytes)
1709124504.264655 sending message 105 to peer 0x557ea9ee00d0 (39 bytes)
1709124504.264656 sending message 105 to peer 0x557ea9ee00d0 (16 bytes)
1709124504.264657 sending message 105 to peer 0x557ea9ee00d0 (29 bytes)
1709124504.264659 sending message 105 to peer 0x557ea9ee00d0 (29 bytes)
1709124504.264661 sending message 105 to peer 0x557ea9ee00d0 (130 bytes)
1709124504.264662 sending message 105 to peer 0x557ea9ee00d0 (24 bytes)
1709124504.264664 sending message 105 to peer 0x557ea9ee00d0 (144 bytes)
1709124504.264665 sending message 105 to peer 0x557ea9ee00d0 (31 bytes)
1709124504.264667 sending message 105 to peer 0x557ea9ee00d0 (15 bytes)
1709124504.264668 sending message 105 to peer 0x557ea9ee00d0 (52 bytes)
1709124504.264669 sending message 105 to peer 0x557ea9ee00d0 (23 bytes)
1709124504.264671 sending message 105 to peer 0x557ea9ee00d0 (24 bytes)
1709124504.264672 sending message 105 to peer 0x557ea9ee00d0 (17 bytes)
1709124504.264674 sending message 105 to peer 0x557ea9ee00d0 (58 bytes)
1709124504.264675 sending message 105 to peer 0x557ea9ee00d0 (25 bytes)
1709124504.264677 sending message 105 to peer 0x557ea9ee00d0 (11 bytes)
1709124504.264678 sending message 105 to peer 0x557ea9ee00d0 (22 bytes)
1709124504.264680 sending message 105 to peer 0x557ea9ee00d0 (16 bytes)
1709124504.264681 sending message 105 to peer 0x557ea9ee00d0 (24 bytes)
1709124504.264682 sending message 105 to peer 0x557ea9ee00d0 (20 bytes)
1709124504.264684 sending message 105 to peer 0x557ea9ee00d0 (10 bytes)
1709124504.264685 sending message 106 to peer 0x557ea9ee00d0 (0 bytes)
1709124504.264722 sending message 200 to peer 0x557ea9ee00d0 (4 bytes)
1709124504.264724 client loop enter
1709124504.266965 peer 0x557ea9ee00d0 message 303
1709124504.266978 open write file 2 -
1709124504.266987 sending message 305 to peer 0x557ea9ee00d0 (8 bytes)
1709124504.266996 write check file 2
1709124504.267391 peer 0x557ea9ee00d0 message 304
1709124504.267398 write 58 to file 2
1709124504.267402 peer 0x557ea9ee00d0 message 203
1709124504.267405 file 2 58 bytes left
1709124504.267420 write check file 2
1709124504.267422 client loop exit
