1709124507.476028 client started (31579): version 3.4, socket /tmp/tmux-1000/default, protocol 8
1709124507.476051 on Linux 6.6.16-2-MANJARO #1 SMP PREEMPT_DYNAMIC Sat Feb 10 09:40:02 UTC 2024
1709124507.476054 using libevent 2.1.12-stable poll
1709124507.476055 using ncurses 6.4 20230520
1709124507.476065 flags are 0x18010000
1709124507.476072 socket is /tmp/tmux-1000/default
1709124507.476081 trying connect
1709124507.476090 connect failed: Connection refused
1709124507.476095 lock file is /tmp/tmux-1000/default.lock
1709124507.476108 flock succeeded
1709124507.476110 got lock (6)
1709124507.476113 trying connect
1709124507.476116 connect failed: Connection refused
1709124507.476299 add peer 0x55bdeabc8140: 7 ((nil))
1709124507.476561 sending message 100 to peer 0x55bdeabc8140 (4 bytes)
1709124507.476565 sending message 111 to peer 0x55bdeabc8140 (8 bytes)
1709124507.476567 sending message 101 to peer 0x55bdeabc8140 (15 bytes)
1709124507.476569 sending message 109 to peer 0x55bdeabc8140 (4 bytes)
1709124507.476570 sending message 102 to peer 0x55bdeabc8140 (11 bytes)
1709124507.476572 sending message 108 to peer 0x55bdeabc8140 (26 bytes)
1709124507.476573 sending message 112 to peer 0x55bdeabc8140 (58 bytes)
1709124507.476575 sending message 112 to peer 0x55bdeabc8140 (5 bytes)
1709124507.476576 sending message 112 to peer 0x55bdeabc8140 (5 bytes)
1709124507.476578 sending message 112 to peer 0x55bdeabc8140 (6 bytes)
1709124507.476579 sending message 112 to peer 0x55bdeabc8140 (6 bytes)
1709124507.476580 sending message 112 to peer 0x55bdeabc8140 (11 bytes)
1709124507.476582 sending message 112 to peer 0x55bdeabc8140 (10 bytes)
1709124507.476583 sending message 112 to peer 0x55bdeabc8140 (13 bytes)
1709124507.476584 sending message 112 to peer 0x55bdeabc8140 (14 bytes)
1709124507.476586 sending message 112 to peer 0x55bdeabc8140 (19 bytes)
1709124507.476587 sending message 112 to peer 0x55bdeabc8140 (11 bytes)
1709124507.476588 sending message 112 to peer 0x55bdeabc8140 (10 bytes)
1709124507.476590 sending message 112 to peer 0x55bdeabc8140 (15 bytes)
1709124507.476591 sending message 112 to peer 0x55bdeabc8140 (21 bytes)
1709124507.476592 sending message 112 to peer 0x55bdeabc8140 (13 bytes)
1709124507.476593 sending message 112 to peer 0x55bdeabc8140 (7 bytes)
1709124507.476595 sending message 112 to peer 0x55bdeabc8140 (13 bytes)
1709124507.476596 sending message 112 to peer 0x55bdeabc8140 (7 bytes)
1709124507.476597 sending message 112 to peer 0x55bdeabc8140 (13 bytes)
1709124507.476598 sending message 112 to peer 0x55bdeabc8140 (9 bytes)
1709124507.476600 sending message 112 to peer 0x55bdeabc8140 (21 bytes)
1709124507.476601 sending message 112 to peer 0x55bdeabc8140 (13 bytes)
1709124507.476602 sending message 112 to peer 0x55bdeabc8140 (9 bytes)
1709124507.476603 sending message 112 to peer 0x55bdeabc8140 (16 bytes)
1709124507.476605 sending message 112 to peer 0x55bdeabc8140 (13 bytes)
1709124507.476606 sending message 112 to peer 0x55bdeabc8140 (9 bytes)
1709124507.476607 sending message 112 to peer 0x55bdeabc8140 (9 bytes)
1709124507.476609 sending message 112 to peer 0x55bdeabc8140 (12 bytes)
1709124507.476610 sending message 112 to peer 0x55bdeabc8140 (8 bytes)
1709124507.476611 sending message 112 to peer 0x55bdeabc8140 (8 bytes)
1709124507.476613 sending message 112 to peer 0x55bdeabc8140 (13 bytes)
1709124507.476614 sending message 112 to peer 0x55bdeabc8140 (7 bytes)
1709124507.476615 sending message 112 to peer 0x55bdeabc8140 (7 bytes)
1709124507.476617 sending message 112 to peer 0x55bdeabc8140 (9 bytes)
1709124507.476628 sending message 112 to peer 0x55bdeabc8140 (9 bytes)
1709124507.476630 sending message 112 to peer 0x55bdeabc8140 (15 bytes)
1709124507.476631 sending message 112 to peer 0x55bdeabc8140 (13 bytes)
1709124507.476632 sending message 112 to peer 0x55bdeabc8140 (12 bytes)
1709124507.476634 sending message 112 to peer 0x55bdeabc8140 (8 bytes)
1709124507.476635 sending message 112 to peer 0x55bdeabc8140 (14 bytes)
1709124507.476637 sending message 112 to peer 0x55bdeabc8140 (11 bytes)
1709124507.476638 sending message 112 to peer 0x55bdeabc8140 (9 bytes)
1709124507.476645 sending message 112 to peer 0x55bdeabc8140 (10 bytes)
1709124507.476647 sending message 112 to peer 0x55bdeabc8140 (10 bytes)
1709124507.476649 sending message 112 to peer 0x55bdeabc8140 (10 bytes)
1709124507.476650 sending message 112 to peer 0x55bdeabc8140 (10 bytes)
1709124507.476652 sending message 112 to peer 0x55bdeabc8140 (11 bytes)
1709124507.476653 sending message 112 to peer 0x55bdeabc8140 (12 bytes)
1709124507.476654 sending message 112 to peer 0x55bdeabc8140 (12 bytes)
1709124507.476656 sending message 112 to peer 0x55bdeabc8140 (12 bytes)
1709124507.476657 sending message 112 to peer 0x55bdeabc8140 (12 bytes)
1709124507.476658 sending message 112 to peer 0x55bdeabc8140 (12 bytes)
1709124507.476659 sending message 112 to peer 0x55bdeabc8140 (11 bytes)
1709124507.476661 sending message 112 to peer 0x55bdeabc8140 (11 bytes)
1709124507.476662 sending message 112 to peer 0x55bdeabc8140 (12 bytes)
1709124507.476663 sending message 112 to peer 0x55bdeabc8140 (12 bytes)
1709124507.476665 sending message 112 to peer 0x55bdeabc8140 (12 bytes)
1709124507.476666 sending message 112 to peer 0x55bdeabc8140 (12 bytes)
1709124507.476667 sending message 112 to peer 0x55bdeabc8140 (12 bytes)
1709124507.476668 sending message 112 to peer 0x55bdeabc8140 (9 bytes)
1709124507.476670 sending message 112 to peer 0x55bdeabc8140 (12 bytes)
1709124507.476671 sending message 112 to peer 0x55bdeabc8140 (13 bytes)
1709124507.476672 sending message 112 to peer 0x55bdeabc8140 (13 bytes)
1709124507.476674 sending message 112 to peer 0x55bdeabc8140 (13 bytes)
1709124507.476675 sending message 112 to peer 0x55bdeabc8140 (13 bytes)
1709124507.476676 sending message 112 to peer 0x55bdeabc8140 (13 bytes)
1709124507.476678 sending message 112 to peer 0x55bdeabc8140 (8 bytes)
1709124507.476679 sending message 112 to peer 0x55bdeabc8140 (11 bytes)
1709124507.476680 sending message 112 to peer 0x55bdeabc8140 (11 bytes)
1709124507.476682 sending message 112 to peer 0x55bdeabc8140 (11 bytes)
1709124507.476683 sending message 112 to peer 0x55bdeabc8140 (12 bytes)
1709124507.476684 sending message 112 to peer 0x55bdeabc8140 (12 bytes)
1709124507.476686 sending message 112 to peer 0x55bdeabc8140 (12 bytes)
1709124507.476688 sending message 112 to peer 0x55bdeabc8140 (12 bytes)
1709124507.476689 sending message 112 to peer 0x55bdeabc8140 (13 bytes)
1709124507.476690 sending message 112 to peer 0x55bdeabc8140 (13 bytes)
1709124507.476691 sending message 112 to peer 0x55bdeabc8140 (13 bytes)
1709124507.476693 sending message 112 to peer 0x55bdeabc8140 (8 bytes)
1709124507.476694 sending message 112 to peer 0x55bdeabc8140 (13 bytes)
1709124507.476695 sending message 112 to peer 0x55bdeabc8140 (13 bytes)
1709124507.476697 sending message 112 to peer 0x55bdeabc8140 (13 bytes)
1709124507.476698 sending message 112 to peer 0x55bdeabc8140 (13 bytes)
1709124507.476699 sending message 112 to peer 0x55bdeabc8140 (13 bytes)
1709124507.476700 sending message 112 to peer 0x55bdeabc8140 (12 bytes)
1709124507.476702 sending message 112 to peer 0x55bdeabc8140 (12 bytes)
1709124507.476703 sending message 112 to peer 0x55bdeabc8140 (12 bytes)
1709124507.476704 sending message 112 to peer 0x55bdeabc8140 (12 bytes)
1709124507.476705 sending message 112 to peer 0x55bdeabc8140 (13 bytes)
1709124507.476707 sending message 112 to peer 0x55bdeabc8140 (8 bytes)
1709124507.476708 sending message 112 to peer 0x55bdeabc8140 (13 bytes)
1709124507.476709 sending message 112 to peer 0x55bdeabc8140 (13 bytes)
1709124507.476710 sending message 112 to peer 0x55bdeabc8140 (13 bytes)
1709124507.476712 sending message 112 to peer 0x55bdeabc8140 (13 bytes)
1709124507.476713 sending message 112 to peer 0x55bdeabc8140 (13 bytes)
1709124507.476714 sending message 112 to peer 0x55bdeabc8140 (13 bytes)
1709124507.476716 sending message 112 to peer 0x55bdeabc8140 (13 bytes)
1709124507.476717 sending message 112 to peer 0x55bdeabc8140 (12 bytes)
1709124507.476718 sending message 112 to peer 0x55bdeabc8140 (12 bytes)
1709124507.476719 sending message 112 to peer 0x55bdeabc8140 (12 bytes)
1709124507.476723 sending message 112 to peer 0x55bdeabc8140 (8 bytes)
1709124507.476725 sending message 112 to peer 0x55bdeabc8140 (12 bytes)
1709124507.476726 sending message 112 to peer 0x55bdeabc8140 (13 bytes)
1709124507.476728 sending message 112 to peer 0x55bdeabc8140 (13 bytes)
1709124507.476729 sending message 112 to peer 0x55bdeabc8140 (13 bytes)
1709124507.476730 sending message 112 to peer 0x55bdeabc8140 (13 bytes)
1709124507.476732 sending message 112 to peer 0x55bdeabc8140 (13 bytes)
1709124507.476733 sending message 112 to peer 0x55bdeabc8140 (13 bytes)
1709124507.476734 sending message 112 to peer 0x55bdeabc8140 (13 bytes)
1709124507.476736 sending message 112 to peer 0x55bdeabc8140 (13 bytes)
1709124507.476737 sending message 112 to peer 0x55bdeabc8140 (12 bytes)
1709124507.476738 sending message 112 to peer 0x55bdeabc8140 (10 bytes)
1709124507.476740 sending message 112 to peer 0x55bdeabc8140 (12 bytes)
1709124507.476741 sending message 112 to peer 0x55bdeabc8140 (12 bytes)
1709124507.476742 sending message 112 to peer 0x55bdeabc8140 (12 bytes)
1709124507.476743 sending message 112 to peer 0x55bdeabc8140 (13 bytes)
1709124507.476745 sending message 112 to peer 0x55bdeabc8140 (13 bytes)
1709124507.476746 sending message 112 to peer 0x55bdeabc8140 (13 bytes)
1709124507.476747 sending message 112 to peer 0x55bdeabc8140 (13 bytes)
1709124507.476749 sending message 112 to peer 0x55bdeabc8140 (13 bytes)
1709124507.476750 sending message 112 to peer 0x55bdeabc8140 (13 bytes)
1709124507.476751 sending message 112 to peer 0x55bdeabc8140 (13 bytes)
1709124507.476753 sending message 112 to peer 0x55bdeabc8140 (10 bytes)
1709124507.476754 sending message 112 to peer 0x55bdeabc8140 (13 bytes)
1709124507.476755 sending message 112 to peer 0x55bdeabc8140 (12 bytes)
1709124507.476756 sending message 112 to peer 0x55bdeabc8140 (12 bytes)
1709124507.476758 sending message 112 to peer 0x55bdeabc8140 (12 bytes)
1709124507.476759 sending message 112 to peer 0x55bdeabc8140 (10 bytes)
1709124507.476760 sending message 112 to peer 0x55bdeabc8140 (10 bytes)
1709124507.476762 sending message 112 to peer 0x55bdeabc8140 (10 bytes)
1709124507.476763 sending message 112 to peer 0x55bdeabc8140 (12 bytes)
1709124507.476764 sending message 112 to peer 0x55bdeabc8140 (13 bytes)
1709124507.476765 sending message 112 to peer 0x55bdeabc8140 (13 bytes)
1709124507.476767 sending message 112 to peer 0x55bdeabc8140 (13 bytes)
1709124507.476768 sending message 112 to peer 0x55bdeabc8140 (13 bytes)
1709124507.476769 sending message 112 to peer 0x55bdeabc8140 (13 bytes)
1709124507.476770 sending message 112 to peer 0x55bdeabc8140 (10 bytes)
1709124507.476772 sending message 112 to peer 0x55bdeabc8140 (11 bytes)
1709124507.476774 sending message 112 to peer 0x55bdeabc8140 (12 bytes)
1709124507.476775 sending message 112 to peer 0x55bdeabc8140 (12 bytes)
1709124507.476776 sending message 112 to peer 0x55bdeabc8140 (12 bytes)
1709124507.476777 sending message 112 to peer 0x55bdeabc8140 (12 bytes)
1709124507.476779 sending message 112 to peer 0x55bdeabc8140 (12 bytes)
1709124507.476780 sending message 112 to peer 0x55bdeabc8140 (11 bytes)
1709124507.476781 sending message 112 to peer 0x55bdeabc8140 (12 bytes)
1709124507.476782 sending message 112 to peer 0x55bdeabc8140 (12 bytes)
1709124507.476784 sending message 112 to peer 0x55bdeabc8140 (13 bytes)
1709124507.476785 sending message 112 to peer 0x55bdeabc8140 (13 bytes)
1709124507.476786 sending message 112 to peer 0x55bdeabc8140 (13 bytes)
1709124507.476787 sending message 112 to peer 0x55bdeabc8140 (13 bytes)
1709124507.476789 sending message 112 to peer 0x55bdeabc8140 (13 bytes)
1709124507.476790 sending message 112 to peer 0x55bdeabc8140 (10 bytes)
1709124507.476791 sending message 112 to peer 0x55bdeabc8140 (9 bytes)
1709124507.476792 sending message 112 to peer 0x55bdeabc8140 (12 bytes)
1709124507.476794 sending message 112 to peer 0x55bdeabc8140 (13 bytes)
1709124507.476795 sending message 112 to peer 0x55bdeabc8140 (13 bytes)
1709124507.476802 sending message 112 to peer 0x55bdeabc8140 (13 bytes)
1709124507.476803 sending message 112 to peer 0x55bdeabc8140 (13 bytes)
1709124507.476805 sending message 112 to peer 0x55bdeabc8140 (13 bytes)
1709124507.476806 sending message 112 to peer 0x55bdeabc8140 (9 bytes)
1709124507.476807 sending message 112 to peer 0x55bdeabc8140 (12 bytes)
1709124507.476809 sending message 112 to peer 0x55bdeabc8140 (13 bytes)
1709124507.476810 sending message 112 to peer 0x55bdeabc8140 (13 bytes)
1709124507.476811 sending message 112 to peer 0x55bdeabc8140 (13 bytes)
1709124507.476813 sending message 112 to peer 0x55bdeabc8140 (13 bytes)
1709124507.476814 sending message 112 to peer 0x55bdeabc8140 (13 bytes)
1709124507.476815 sending message 112 to peer 0x55bdeabc8140 (11 bytes)
1709124507.476816 sending message 112 to peer 0x55bdeabc8140 (12 bytes)
1709124507.476818 sending message 112 to peer 0x55bdeabc8140 (13 bytes)
1709124507.476819 sending message 112 to peer 0x55bdeabc8140 (13 bytes)
1709124507.476820 sending message 112 to peer 0x55bdeabc8140 (13 bytes)
1709124507.476822 sending message 112 to peer 0x55bdeabc8140 (13 bytes)
1709124507.476823 sending message 112 to peer 0x55bdeabc8140 (13 bytes)
1709124507.476824 sending message 112 to peer 0x55bdeabc8140 (11 bytes)
1709124507.476826 sending message 112 to peer 0x55bdeabc8140 (12 bytes)
1709124507.476827 sending message 112 to peer 0x55bdeabc8140 (12 bytes)
1709124507.476828 sending message 112 to peer 0x55bdeabc8140 (12 bytes)
1709124507.476830 sending message 112 to peer 0x55bdeabc8140 (12 bytes)
1709124507.476831 sending message 112 to peer 0x55bdeabc8140 (12 bytes)
1709124507.476833 sending message 112 to peer 0x55bdeabc8140 (21 bytes)
1709124507.476834 sending message 112 to peer 0x55bdeabc8140 (12 bytes)
1709124507.476835 sending message 112 to peer 0x55bdeabc8140 (9 bytes)
1709124507.476837 sending message 112 to peer 0x55bdeabc8140 (6 bytes)
1709124507.476838 sending message 112 to peer 0x55bdeabc8140 (13 bytes)
1709124507.476839 sending message 112 to peer 0x55bdeabc8140 (10 bytes)
1709124507.476841 sending message 112 to peer 0x55bdeabc8140 (24 bytes)
1709124507.476842 sending message 112 to peer 0x55bdeabc8140 (13 bytes)
1709124507.476843 sending message 112 to peer 0x55bdeabc8140 (9 bytes)
1709124507.476845 sending message 112 to peer 0x55bdeabc8140 (70 bytes)
1709124507.476846 sending message 112 to peer 0x55bdeabc8140 (69 bytes)
1709124507.476848 sending message 112 to peer 0x55bdeabc8140 (12 bytes)
1709124507.476849 sending message 112 to peer 0x55bdeabc8140 (10 bytes)
1709124507.476851 sending message 112 to peer 0x55bdeabc8140 (10 bytes)
1709124507.476852 sending message 112 to peer 0x55bdeabc8140 (24 bytes)
1709124507.476854 sending message 112 to peer 0x55bdeabc8140 (13 bytes)
1709124507.476855 sending message 112 to peer 0x55bdeabc8140 (10 bytes)
1709124507.476856 sending message 112 to peer 0x55bdeabc8140 (10 bytes)
1709124507.476858 sending message 112 to peer 0x55bdeabc8140 (10 bytes)
1709124507.476859 sending message 112 to peer 0x55bdeabc8140 (13 bytes)
1709124507.476860 sending message 112 to peer 0x55bdeabc8140 (15 bytes)
1709124507.476862 sending message 112 to peer 0x55bdeabc8140 (5 bytes)
1709124507.476864 sending message 104 to peer 0x55bdeabc8140 (0 bytes)
1709124507.476865 sending message 110 to peer 0x55bdeabc8140 (0 bytes)
1709124507.476867 sending message 107 to peer 0x55bdeabc8140 (4 bytes)
1709124507.476869 sending message 105 to peer 0x55bdeabc8140 (15 bytes)
1709124507.476870 sending message 105 to peer 0x55bdeabc8140 (20 bytes)
1709124507.476872 sending message 105 to peer 0x55bdeabc8140 (54 bytes)
1709124507.476873 sending message 105 to peer 0x55bdeabc8140 (49 bytes)
1709124507.476875 sending message 105 to peer 0x55bdeabc8140 (30 bytes)
1709124507.476876 sending message 105 to peer 0x55bdeabc8140 (11 bytes)
1709124507.476878 sending message 105 to peer 0x55bdeabc8140 (18 bytes)
1709124507.476879 sending message 105 to peer 0x55bdeabc8140 (47 bytes)
1709124507.476881 sending message 105 to peer 0x55bdeabc8140 (23 bytes)
1709124507.476885 sending message 105 to peer 0x55bdeabc8140 (28 bytes)
1709124507.476886 sending message 105 to peer 0x55bdeabc8140 (22 bytes)
1709124507.476888 sending message 105 to peer 0x55bdeabc8140 (21 bytes)
1709124507.476889 sending message 105 to peer 0x55bdeabc8140 (22 bytes)
1709124507.476891 sending message 105 to peer 0x55bdeabc8140 (36 bytes)
1709124507.476892 sending message 105 to peer 0x55bdeabc8140 (28 bytes)
1709124507.476893 sending message 105 to peer 0x55bdeabc8140 (33 bytes)
1709124507.476895 sending message 105 to peer 0x55bdeabc8140 (31 bytes)
1709124507.476896 sending message 105 to peer 0x55bdeabc8140 (23 bytes)
1709124507.476898 sending message 105 to peer 0x55bdeabc8140 (17 bytes)
1709124507.476899 sending message 105 to peer 0x55bdeabc8140 (10 bytes)
1709124507.476901 sending message 105 to peer 0x55bdeabc8140 (23 bytes)
1709124507.476902 sending message 105 to peer 0x55bdeabc8140 (30 bytes)
1709124507.476903 sending message 105 to peer 0x55bdeabc8140 (27 bytes)
1709124507.476905 sending message 105 to peer 0x55bdeabc8140 (24 bytes)
1709124507.476906 sending message 105 to peer 0x55bdeabc8140 (20 bytes)
1709124507.476907 sending message 105 to peer 0x55bdeabc8140 (23 bytes)
1709124507.476909 sending message 105 to peer 0x55bdeabc8140 (21 bytes)
1709124507.476910 sending message 105 to peer 0x55bdeabc8140 (25 bytes)
1709124507.476911 sending message 105 to peer 0x55bdeabc8140 (20 bytes)
1709124507.476913 sending message 105 to peer 0x55bdeabc8140 (15 bytes)
1709124507.476914 sending message 105 to peer 0x55bdeabc8140 (28 bytes)
1709124507.476916 sending message 105 to peer 0x55bdeabc8140 (16 bytes)
1709124507.476917 sending message 105 to peer 0x55bdeabc8140 (140 bytes)
1709124507.476919 sending message 105 to peer 0x55bdeabc8140 (51 bytes)
1709124507.476920 sending message 105 to peer 0x55bdeabc8140 (15 bytes)
1709124507.476921 sending message 105 to peer 0x55bdeabc8140 (20 bytes)
1709124507.476923 sending message 105 to peer 0x55bdeabc8140 (50 bytes)
1709124507.476924 sending message 105 to peer 0x55bdeabc8140 (181 bytes)
1709124507.476926 sending message 105 to peer 0x55bdeabc8140 (24 bytes)
1709124507.476927 sending message 105 to peer 0x55bdeabc8140 (13 bytes)
1709124507.476929 sending message 105 to peer 0x55bdeabc8140 (30 bytes)
1709124507.476930 sending message 105 to peer 0x55bdeabc8140 (22 bytes)
1709124507.476932 sending message 105 to peer 0x55bdeabc8140 (30 bytes)
1709124507.476933 sending message 105 to peer 0x55bdeabc8140 (35 bytes)
1709124507.476934 sending message 105 to peer 0x55bdeabc8140 (24 bytes)
1709124507.476936 sending message 105 to peer 0x55bdeabc8140 (19 bytes)
1709124507.476937 sending message 105 to peer 0x55bdeabc8140 (50 bytes)
1709124507.476938 sending message 105 to peer 0x55bdeabc8140 (22 bytes)
1709124507.476940 sending message 105 to peer 0x55bdeabc8140 (20 bytes)
1709124507.476941 sending message 105 to peer 0x55bdeabc8140 (12 bytes)
1709124507.476942 sending message 105 to peer 0x55bdeabc8140 (26 bytes)
1709124507.476944 sending message 105 to peer 0x55bdeabc8140 (11 bytes)
1709124507.476945 sending message 105 to peer 0x55bdeabc8140 (39 bytes)
1709124507.476946 sending message 105 to peer 0x55bdeabc8140 (16 bytes)
1709124507.476948 sending message 105 to peer 0x55bdeabc8140 (29 bytes)
1709124507.476949 sending message 105 to peer 0x55bdeabc8140 (29 bytes)
1709124507.476950 sending message 105 to peer 0x55bdeabc8140 (94 bytes)
1709124507.476952 sending message 105 to peer 0x55bdeabc8140 (24 bytes)
1709124507.476953 sending message 105 to peer 0x55bdeabc8140 (144 bytes)
1709124507.476955 sending message 105 to peer 0x55bdeabc8140 (31 bytes)
1709124507.476956 sending message 105 to peer 0x55bdeabc8140 (15 bytes)
1709124507.476958 sending message 105 to peer 0x55bdeabc8140 (52 bytes)
1709124507.476959 sending message 105 to peer 0x55bdeabc8140 (23 bytes)
1709124507.476960 sending message 105 to peer 0x55bdeabc8140 (24 bytes)
1709124507.476962 sending message 105 to peer 0x55bdeabc8140 (17 bytes)
1709124507.476963 sending message 105 to peer 0x55bdeabc8140 (58 bytes)
1709124507.476967 sending message 105 to peer 0x55bdeabc8140 (25 bytes)
1709124507.476969 sending message 105 to peer 0x55bdeabc8140 (11 bytes)
1709124507.476970 sending message 105 to peer 0x55bdeabc8140 (22 bytes)
1709124507.476972 sending message 105 to peer 0x55bdeabc8140 (8 bytes)
1709124507.476973 sending message 105 to peer 0x55bdeabc8140 (12 bytes)
1709124507.476974 sending message 105 to peer 0x55bdeabc8140 (20 bytes)
1709124507.476976 sending message 105 to peer 0x55bdeabc8140 (25 bytes)
1709124507.476977 sending message 105 to peer 0x55bdeabc8140 (25 bytes)
1709124507.476978 sending message 105 to peer 0x55bdeabc8140 (21 bytes)
1709124507.476980 sending message 105 to peer 0x55bdeabc8140 (21 bytes)
1709124507.476981 sending message 105 to peer 0x55bdeabc8140 (28 bytes)
1709124507.476982 sending message 105 to peer 0x55bdeabc8140 (21 bytes)
1709124507.476984 sending message 105 to peer 0x55bdeabc8140 (25 bytes)
1709124507.476985 sending message 105 to peer 0x55bdeabc8140 (8 bytes)
1709124507.476986 sending message 105 to peer 0x55bdeabc8140 (24 bytes)
1709124507.476988 sending message 105 to peer 0x55bdeabc8140 (1817 bytes)
1709124507.477000 sending message 105 to peer 0x55bdeabc8140 (10 bytes)
1709124507.477002 sending message 105 to peer 0x55bdeabc8140 (24 bytes)
1709124507.477004 sending message 105 to peer 0x55bdeabc8140 (48 bytes)
1709124507.477005 sending message 105 to peer 0x55bdeabc8140 (20 bytes)
1709124507.477007 sending message 105 to peer 0x55bdeabc8140 (26 bytes)
1709124507.477008 sending message 105 to peer 0x55bdeabc8140 (16 bytes)
1709124507.477009 sending message 106 to peer 0x55bdeabc8140 (0 bytes)
1709124507.477050 sending message 200 to peer 0x55bdeabc8140 (4 bytes)
1709124507.477052 client loop enter
1709124507.477064 client_signal: Child exited
1709124507.500032 peer 0x55bdeabc8140 message 207
1709124507.500043 sending message 208 to peer 0x55bdeabc8140 (0 bytes)
1709124509.613037 peer 0x55bdeabc8140 message 203
1709124509.613046 sending message 205 to peer 0x55bdeabc8140 (0 bytes)
1709124509.613269 peer 0x55bdeabc8140 message 204
1709124509.613273 client loop exit
